<?xml version="1.0" encoding="UTF-8"?>
<!-- Generated by org.testng.reporters.JUnitReportReporter -->
<testsuite hostname="Lenovo-PC" name="com.fannie.shoppingTestRunner" tests="2" failures="0" timestamp="8 Nov 2016 21:08:43 GMT" time="0.334" errors="0">
  <testcase name="feature" time="0.309" classname="com.fannie.shoppingTestRunner"/>
  <testcase name="feature" time="0.025" classname="com.fannie.shoppingTestRunner"/>
</testsuite> <!-- com.fannie.shoppingTestRunner -->
